<?xml version="1.0" encoding="UTF-8"?>
<!-- Generated by org.testng.reporters.JUnitReportReporter -->
<testsuite hostname="Khushals-Laptop.local" failures="0" tests="1" name="tests.selenium.SeleniumTest" time="2.799" errors="0" timestamp="2025-04-29T11:35:58 IST" skipped="0">
  <testcase classname="tests.selenium.SeleniumTest" name="openGoogleTest" time="2.799"/>
  <system-out/>
</testsuite> <!-- tests.selenium.SeleniumTest -->
